<?xml version="1.0" encoding="UTF-8"?>
<!-- Generated by org.testng.reporters.JUnitReportReporter -->
<testsuite hostname="Siva-Muniyandi" failures="0" tests="1" name="testCases.TC_005_AddToCartPageTest" time="2.266" errors="0" timestamp="2023-12-11T00:47:36 IST" skipped="0">
  <testcase classname="testCases.TC_005_AddToCartPageTest" name="verify_addToCart" time="2.266"/>
</testsuite> <!-- testCases.TC_005_AddToCartPageTest -->
