<?xml version="1.0" encoding="UTF-8"?>
<!-- Generated by org.testng.reporters.JUnitReportReporter -->
<testsuite hostname="Siva-Muniyandi" failures="0" tests="1" name="testCases.TC_002_LoginTest" time="1.798" errors="0" timestamp="2023-12-11T01:53:20 IST" skipped="0">
  <testcase classname="testCases.TC_002_LoginTest" name="verify_login" time="1.798"/>
</testsuite> <!-- testCases.TC_002_LoginTest -->
