<?xml version="1.0" encoding="UTF-8"?>
<!-- Generated by org.testng.reporters.JUnitReportReporter -->
<testsuite hostname="Siva-Muniyandi" failures="0" tests="1" name="testCases.TC_001_AccountRegistrationTest" time="1.847" errors="0" timestamp="2023-12-11T00:00:26 IST" skipped="0">
  <testcase classname="testCases.TC_001_AccountRegistrationTest" name="verify_account_registration" time="1.847"/>
</testsuite> <!-- testCases.TC_001_AccountRegistrationTest -->
