<?xml version="1.0" encoding="UTF-8"?>
<!-- Generated by org.testng.reporters.JUnitReportReporter -->
<testsuite hostname="Siva-Muniyandi" failures="0" tests="1" name="testCases.TC_001_AccountRegistrationTest" time="4.083" errors="0" timestamp="2023-12-11T01:53:20 IST" skipped="0">
  <testcase classname="testCases.TC_001_AccountRegistrationTest" name="verify_account_registration" time="4.083"/>
</testsuite> <!-- testCases.TC_001_AccountRegistrationTest -->
